mode: set
github.com/MiguelAngelCipamochaF/go-web/internal/transacciones/repository.go:36.47,40.2 1 1
github.com/MiguelAngelCipamochaF/go-web/internal/transacciones/repository.go:42.54,45.16 3 1
github.com/MiguelAngelCipamochaF/go-web/internal/transacciones/repository.go:48.2,48.16 1 1
github.com/MiguelAngelCipamochaF/go-web/internal/transacciones/repository.go:45.16,47.3 1 1
github.com/MiguelAngelCipamochaF/go-web/internal/transacciones/repository.go:51.59,54.50 2 1
github.com/MiguelAngelCipamochaF/go-web/internal/transacciones/repository.go:58.2,58.34 1 1
github.com/MiguelAngelCipamochaF/go-web/internal/transacciones/repository.go:63.2,63.79 1 0
github.com/MiguelAngelCipamochaF/go-web/internal/transacciones/repository.go:54.50,56.3 1 0
github.com/MiguelAngelCipamochaF/go-web/internal/transacciones/repository.go:58.34,59.17 1 1
github.com/MiguelAngelCipamochaF/go-web/internal/transacciones/repository.go:59.17,61.4 1 1
github.com/MiguelAngelCipamochaF/go-web/internal/transacciones/repository.go:66.80,68.68 2 0
github.com/MiguelAngelCipamochaF/go-web/internal/transacciones/repository.go:72.2,76.19 3 0
github.com/MiguelAngelCipamochaF/go-web/internal/transacciones/repository.go:80.2,80.18 1 0
github.com/MiguelAngelCipamochaF/go-web/internal/transacciones/repository.go:84.2,84.17 1 0
github.com/MiguelAngelCipamochaF/go-web/internal/transacciones/repository.go:88.2,88.16 1 0
github.com/MiguelAngelCipamochaF/go-web/internal/transacciones/repository.go:68.68,70.3 1 0
github.com/MiguelAngelCipamochaF/go-web/internal/transacciones/repository.go:76.19,78.3 1 0
github.com/MiguelAngelCipamochaF/go-web/internal/transacciones/repository.go:80.18,82.3 1 0
github.com/MiguelAngelCipamochaF/go-web/internal/transacciones/repository.go:84.17,86.3 1 0
github.com/MiguelAngelCipamochaF/go-web/internal/transacciones/repository.go:91.43,93.39 2 0
github.com/MiguelAngelCipamochaF/go-web/internal/transacciones/repository.go:97.2,99.18 2 0
github.com/MiguelAngelCipamochaF/go-web/internal/transacciones/repository.go:103.2,105.24 2 0
github.com/MiguelAngelCipamochaF/go-web/internal/transacciones/repository.go:93.39,95.3 1 0
github.com/MiguelAngelCipamochaF/go-web/internal/transacciones/repository.go:99.18,101.3 1 0
github.com/MiguelAngelCipamochaF/go-web/internal/transacciones/repository.go:108.144,122.39 5 0
github.com/MiguelAngelCipamochaF/go-web/internal/transacciones/repository.go:125.2,125.25 1 0
github.com/MiguelAngelCipamochaF/go-web/internal/transacciones/repository.go:122.39,124.3 1 0
github.com/MiguelAngelCipamochaF/go-web/internal/transacciones/repository.go:128.76,130.50 2 1
github.com/MiguelAngelCipamochaF/go-web/internal/transacciones/repository.go:134.2,134.31 1 1
github.com/MiguelAngelCipamochaF/go-web/internal/transacciones/repository.go:142.2,142.77 1 1
github.com/MiguelAngelCipamochaF/go-web/internal/transacciones/repository.go:130.50,132.3 1 0
github.com/MiguelAngelCipamochaF/go-web/internal/transacciones/repository.go:134.31,135.32 1 1
github.com/MiguelAngelCipamochaF/go-web/internal/transacciones/repository.go:135.32,140.4 4 1
github.com/MiguelAngelCipamochaF/go-web/internal/transacciones/repository.go:145.43,148.50 2 1
github.com/MiguelAngelCipamochaF/go-web/internal/transacciones/repository.go:152.2,152.31 1 1
github.com/MiguelAngelCipamochaF/go-web/internal/transacciones/repository.go:160.2,160.62 1 1
github.com/MiguelAngelCipamochaF/go-web/internal/transacciones/repository.go:148.50,150.3 1 0
github.com/MiguelAngelCipamochaF/go-web/internal/transacciones/repository.go:152.31,153.32 1 1
github.com/MiguelAngelCipamochaF/go-web/internal/transacciones/repository.go:153.32,157.4 3 1
github.com/MiguelAngelCipamochaF/go-web/internal/transacciones/repository.go:163.83,166.50 2 0
github.com/MiguelAngelCipamochaF/go-web/internal/transacciones/repository.go:170.2,170.31 1 0
github.com/MiguelAngelCipamochaF/go-web/internal/transacciones/repository.go:178.2,178.81 1 0
github.com/MiguelAngelCipamochaF/go-web/internal/transacciones/repository.go:166.50,168.3 1 0
github.com/MiguelAngelCipamochaF/go-web/internal/transacciones/repository.go:170.31,171.32 1 0
github.com/MiguelAngelCipamochaF/go-web/internal/transacciones/repository.go:171.32,176.4 4 0
github.com/MiguelAngelCipamochaF/go-web/internal/transacciones/service.go:20.39,24.2 1 1
github.com/MiguelAngelCipamochaF/go-web/internal/transacciones/service.go:26.51,28.16 2 0
github.com/MiguelAngelCipamochaF/go-web/internal/transacciones/service.go:31.2,31.16 1 0
github.com/MiguelAngelCipamochaF/go-web/internal/transacciones/service.go:28.16,30.3 1 0
github.com/MiguelAngelCipamochaF/go-web/internal/transacciones/service.go:34.56,36.16 2 1
github.com/MiguelAngelCipamochaF/go-web/internal/transacciones/service.go:39.2,39.17 1 1
github.com/MiguelAngelCipamochaF/go-web/internal/transacciones/service.go:36.16,38.3 1 0
github.com/MiguelAngelCipamochaF/go-web/internal/transacciones/service.go:42.77,45.16 2 0
github.com/MiguelAngelCipamochaF/go-web/internal/transacciones/service.go:50.2,50.23 1 0
github.com/MiguelAngelCipamochaF/go-web/internal/transacciones/service.go:45.16,48.3 2 0
github.com/MiguelAngelCipamochaF/go-web/internal/transacciones/service.go:53.40,56.16 2 0
github.com/MiguelAngelCipamochaF/go-web/internal/transacciones/service.go:60.2,60.20 1 0
github.com/MiguelAngelCipamochaF/go-web/internal/transacciones/service.go:56.16,58.3 1 0
github.com/MiguelAngelCipamochaF/go-web/internal/transacciones/service.go:63.141,66.16 2 0
github.com/MiguelAngelCipamochaF/go-web/internal/transacciones/service.go:70.2,70.25 1 0
github.com/MiguelAngelCipamochaF/go-web/internal/transacciones/service.go:66.16,68.3 1 0
github.com/MiguelAngelCipamochaF/go-web/internal/transacciones/service.go:73.73,76.16 2 1
github.com/MiguelAngelCipamochaF/go-web/internal/transacciones/service.go:80.2,80.18 1 1
github.com/MiguelAngelCipamochaF/go-web/internal/transacciones/service.go:76.16,78.3 1 1
github.com/MiguelAngelCipamochaF/go-web/internal/transacciones/service.go:83.40,85.2 1 1
github.com/MiguelAngelCipamochaF/go-web/internal/transacciones/service.go:87.80,90.16 2 0
github.com/MiguelAngelCipamochaF/go-web/internal/transacciones/service.go:94.2,94.25 1 0
github.com/MiguelAngelCipamochaF/go-web/internal/transacciones/service.go:90.16,92.3 1 0
